Alpha: [[0.5151515151515152, 0.5050505050505051], [0.0, 0.5050505050505051], [0.0, 0.5050505050505051], [0.494949494949495, 0.5050505050505051], [1.0, 0.010101010101010102], [0.48484848484848486, 0.5050505050505051]]
Bundles: [[ True False  True False False False  True False]
 [False  True False  True  True  True False  True]]
Good values: [[0.5        0.5       ]
 [0.5        0.5       ]
 [0.51515152 0.50505051]
 [0.         0.50505051]
 [0.         0.50505051]
 [0.49494949 0.50505051]
 [1.         0.01010101]
 [0.48484848 0.50505051]]
Alpha: [[0.5151515151515152, 0.5050505050505051], [0.0, 0.5050505050505051], [0.0, 0.5050505050505051], [0.494949494949495, 0.5050505050505051], [1.0, 0.010101010101010102], [0.48484848484848486, 0.5050505050505051]]
Bundles: [[ True False  True False False False  True False]
 [False  True False  True  True  True False  True]]
Good values: [[0.5        0.5       ]
 [0.5        0.5       ]
 [0.51515152 0.50505051]
 [0.         0.50505051]
 [0.         0.50505051]
 [0.49494949 0.50505051]
 [1.         0.01010101]
 [0.48484848 0.50505051]]
Alpha: [[0.5151515151515152, 0.5050505050505051], [0.0, 0.5050505050505051], [0.0, 0.5050505050505051], [0.494949494949495, 0.5050505050505051], [1.0, 0.010101010101010102], [0.48484848484848486, 0.5050505050505051], [1.0, 0.13131313131313133]]
Bundles: [[ True False  True False False False  True False  True]
 [False  True False  True  True  True False  True False]]
Good values: [[0.5        0.5       ]
 [0.5        0.5       ]
 [0.51515152 0.50505051]
 [0.         0.50505051]
 [0.         0.50505051]
 [0.49494949 0.50505051]
 [1.         0.01010101]
 [0.48484848 0.50505051]
 [1.         0.13131313]]
Alpha: [[0.5151515151515152, 0.5050505050505051], [0.0, 0.5050505050505051], [0.0, 0.5050505050505051], [0.494949494949495, 0.5050505050505051], [1.0, 0.010101010101010102], [0.48484848484848486, 0.5050505050505051], [1.0, 0.13131313131313133]]
Bundles: [[ True False  True False False False  True False  True]
 [False  True False  True  True  True False  True False]]
Good values: [[0.5        0.5       ]
 [0.5        0.5       ]
 [0.51515152 0.50505051]
 [0.         0.50505051]
 [0.         0.50505051]
 [0.49494949 0.50505051]
 [1.         0.01010101]
 [0.48484848 0.50505051]
 [1.         0.13131313]]
Alpha: [[0.5151515151515152, 0.5050505050505051], [0.0, 0.5050505050505051], [0.0, 0.5050505050505051], [0.494949494949495, 0.5050505050505051], [1.0, 0.010101010101010102], [0.48484848484848486, 0.5050505050505051], [1.0, 0.13131313131313133]]
Bundles: [[ True False  True False False False  True False  True]
 [False  True False  True  True  True False  True False]]
Good values: [[0.5        0.5       ]
 [0.5        0.5       ]
 [0.51515152 0.50505051]
 [0.         0.50505051]
 [0.         0.50505051]
 [0.49494949 0.50505051]
 [1.         0.01010101]
 [0.48484848 0.50505051]
 [1.         0.13131313]]
Alpha: [[0.5151515151515152, 0.5050505050505051], [0.0, 0.5050505050505051], [0.0, 0.5050505050505051], [0.494949494949495, 0.5050505050505051], [1.0, 0.010101010101010102], [0.48484848484848486, 0.5050505050505051], [1.0, 0.13131313131313133]]
Bundles: [[ True False  True False False False  True False  True]
 [False  True False  True  True  True False  True False]]
Good values: [[0.5        0.5       ]
 [0.5        0.5       ]
 [0.51515152 0.50505051]
 [0.         0.50505051]
 [0.         0.50505051]
 [0.49494949 0.50505051]
 [1.         0.01010101]
 [0.48484848 0.50505051]
 [1.         0.13131313]]
Alpha: [[0.5151515151515152, 0.5050505050505051], [0.0, 0.5050505050505051], [0.0, 0.5050505050505051], [0.494949494949495, 0.5050505050505051], [1.0, 0.010101010101010102], [0.48484848484848486, 0.5050505050505051], [1.0, 0.13131313131313133]]
Bundles: [[ True False  True False False False  True False  True]
 [False  True False  True  True  True False  True False]]
Good values: [[0.5        0.5       ]
 [0.5        0.5       ]
 [0.51515152 0.50505051]
 [0.         0.50505051]
 [0.         0.50505051]
 [0.49494949 0.50505051]
 [1.         0.01010101]
 [0.48484848 0.50505051]
 [1.         0.13131313]]
Alpha: [[0.5151515151515152, 0.5050505050505051], [0.0, 0.5050505050505051], [0.0, 0.5050505050505051], [0.494949494949495, 0.5050505050505051], [1.0, 0.010101010101010102], [0.48484848484848486, 0.5050505050505051], [1.0, 0.13131313131313133]]
Bundles: [[ True False  True False False False  True False  True]
 [False  True False  True  True  True False  True False]]
Good values: [[0.5        0.5       ]
 [0.5        0.5       ]
 [0.51515152 0.50505051]
 [0.         0.50505051]
 [0.         0.50505051]
 [0.49494949 0.50505051]
 [1.         0.01010101]
 [0.48484848 0.50505051]
 [1.         0.13131313]]
Alpha: [[0.5151515151515152, 0.5050505050505051], [0.0, 0.5050505050505051], [0.0, 0.5050505050505051], [0.494949494949495, 0.5050505050505051], [1.0, 0.010101010101010102], [0.48484848484848486, 0.5050505050505051], [1.0, 0.13131313131313133]]
Bundles: [[ True False  True False False False  True False  True]
 [False  True False  True  True  True False  True False]]
Good values: [[0.5        0.5       ]
 [0.5        0.5       ]
 [0.51515152 0.50505051]
 [0.         0.50505051]
 [0.         0.50505051]
 [0.49494949 0.50505051]
 [1.         0.01010101]
 [0.48484848 0.50505051]
 [1.         0.13131313]]
Alpha: [[0.5151515151515152, 0.5050505050505051], [0.0, 0.5050505050505051], [0.0, 0.5050505050505051], [0.494949494949495, 0.5050505050505051], [1.0, 0.010101010101010102], [0.48484848484848486, 0.5050505050505051], [1.0, 0.13131313131313133]]
Bundles: [[ True False  True False False False  True False  True]
 [False  True False  True  True  True False  True False]]
Good values: [[0.5        0.5       ]
 [0.5        0.5       ]
 [0.51515152 0.50505051]
 [0.         0.50505051]
 [0.         0.50505051]
 [0.49494949 0.50505051]
 [1.         0.01010101]
 [0.48484848 0.50505051]
 [1.         0.13131313]]
Alpha: [2.0, 2.0, 2.0, 1.5075376884422111, 1.6711409395973156, 1.439306358381503, 1.5640449438202249]
Bundles: [[ True False  True False False False  True False  True]
 [False  True False  True  True  True False  True False]]
Good values: [[0.5        0.5       ]
 [0.5        0.5       ]
 [0.51515152 0.50505051]
 [0.         0.50505051]
 [0.         0.50505051]
 [0.49494949 0.50505051]
 [1.         0.01010101]
 [0.48484848 0.50505051]
 [1.         0.13131313]]
Alpha: [2.0, 2.0, 2.0, 1.5075376884422111, 1.6711409395973156, 1.439306358381503, 1.5640449438202249]
Bundles: [[ True False  True False False False  True False  True]
 [False  True False  True  True  True False  True False]]
Good values: [[0.5        0.5       ]
 [0.5        0.5       ]
 [0.51515152 0.50505051]
 [0.         0.50505051]
 [0.         0.50505051]
 [0.49494949 0.50505051]
 [1.         0.01010101]
 [0.48484848 0.50505051]
 [1.         0.13131313]]
Alpha: [2.0, 2.0, 2.0, 1.5075376884422111, 1.6711409395973156, 1.439306358381503, 1.5640449438202249]
Bundles: [[ True False  True False False False  True False  True]
 [False  True False  True  True  True False  True False]]
Good values: [[0.5        0.5       ]
 [0.5        0.5       ]
 [0.51515152 0.50505051]
 [0.         0.50505051]
 [0.         0.50505051]
 [0.49494949 0.50505051]
 [1.         0.01010101]
 [0.48484848 0.50505051]
 [1.         0.13131313]]
Alpha: [2.0, 2.0, 2.0, 1.5075376884422111, 1.6711409395973156, 1.439306358381503, 1.5640449438202249]
Bundles: [[ True False  True False False False  True False  True]
 [False  True False  True  True  True False  True False]]
Good values: [[0.5        0.5       ]
 [0.5        0.5       ]
 [0.51515152 0.50505051]
 [0.         0.50505051]
 [0.         0.50505051]
 [0.49494949 0.50505051]
 [1.         0.01010101]
 [0.48484848 0.50505051]
 [1.         0.13131313]]
Alpha: [2.0, 2.0, 2.0, 1.5075376884422111, 1.6711409395973156, 1.439306358381503, 1.5640449438202249]
Bundles: [[ True False  True False False False  True False  True]
 [False  True False  True  True  True False  True False]]
Good values: [[0.5        0.5       ]
 [0.5        0.5       ]
 [0.51515152 0.50505051]
 [0.         0.50505051]
 [0.         0.50505051]
 [0.49494949 0.50505051]
 [1.         0.01010101]
 [0.48484848 0.50505051]
 [1.         0.13131313]]
Alpha: [2.0, 2.0, 2.0, 1.5075376884422111, 1.6711409395973156, 1.439306358381503, 1.5640449438202249]
Bundles: [[ True False  True False False False  True False  True]
 [False  True False  True  True  True False  True False]]
Good values: [[0.5        0.5       ]
 [0.5        0.5       ]
 [0.51515152 0.50505051]
 [0.         0.50505051]
 [0.         0.50505051]
 [0.49494949 0.50505051]
 [1.         0.01010101]
 [0.48484848 0.50505051]
 [1.         0.13131313]]
Alpha: [2.0, 2.0, 2.0, 1.5075376884422111, 1.6711409395973156, 1.439306358381503, 1.5640449438202249]
Bundles: [[ True False  True False False False  True False  True]
 [False  True False  True  True  True False  True False]]
Good values: [[0.5        0.5       ]
 [0.5        0.5       ]
 [0.51515152 0.50505051]
 [0.         0.50505051]
 [0.         0.50505051]
 [0.49494949 0.50505051]
 [1.         0.01010101]
 [0.48484848 0.50505051]
 [1.         0.13131313]]
Alpha: [2.0, 2.0, 2.0, 1.5075376884422111, 1.6711409395973156, 1.439306358381503, 1.5640449438202249]
Bundles: [[ True False  True False False False  True False  True]
 [False  True False  True  True  True False  True False]]
Good values: [[0.5        0.5       ]
 [0.5        0.5       ]
 [0.51515152 0.50505051]
 [0.         0.50505051]
 [0.         0.50505051]
 [0.49494949 0.50505051]
 [1.         0.01010101]
 [0.48484848 0.50505051]
 [1.         0.13131313]]
Alpha: [2.0, 2.0, 2.0, 1.5075376884422111, 1.6711409395973156, 1.439306358381503, 1.5640449438202249, 1.6088709677419353, 1.6088709677419353, 1.592814371257485, 1.4805194805194803, 1.561128526645768, 1.537037037037037, 1.433093525179856, 1.503778337531486, 1.4265232974910393, 1.487179487179487, 1.4484911550468262, 1.4879227053140096, 1.4879227053140096, 1.4666666666666666, 1.4927536231884058, 1.4927536231884058, 1.4887082204155373, 1.4481546572934971, 1.4885993485342017, 1.4885993485342017, 1.4694533762057878, 1.4930875576036866, 1.4930875576036866, 1.4919416730621642, 1.4627539503386002, 1.4932576295244853, 1.4932576295244853, 1.483779971791255, 1.440109514031485, 1.4756410256410255, 1.447798742138365, 1.4767580452920144, 1.4767580452920144, 1.4645390070921986, 1.4808022922636104, 1.4808022922636104, 1.4808022922636104, 1.4640226628895185, 1.4836244541484715, 1.4836244541484715, 1.4820065430752452, 1.460505104782375, 1.4838046272493572, 1.4838046272493572, 1.477726574500768, 1.4480682388359256, 1.4741873804971317, 1.4602272727272727, 1.476824231298761, 1.476824231298761, 1.4754699679046308, 1.4580879021295876, 1.4775010921799911, 1.4775010921799911, 1.4729965156794425, 1.4490145672664954, 1.4714344430743937, 1.4648117839607202, 1.437173825772782, 1.4586872586872588, 1.4321455648218349, 1.4526854219948853, 1.4269824183710085, 1.4464471403812826, 1.4577249575551783, 1.4577249575551783, 1.4572301425661915, 1.445941394408892, 1.4592373438527286, 1.4592373438527286, 1.4563648293963254, 1.4398313331170938, 1.4572595851665617, 1.4572595851665617, 1.4481574016239849, 1.4593023255813955, 1.4593023255813955, 1.4584097859327219, 1.4469053398058254, 1.4600118483412323, 1.4600118483412323, 1.4561299852289513, 1.438704028021016, 1.4544680851063831, 1.4450394588500566, 1.456227561447114, 1.456227561447114, 1.4538185828508408, 1.4403168533187651, 1.4549082202713486, 1.4549082202713486, 1.4483580508474574, 1.4569864442127214, 1.4569864442127214, 1.4569864442127214]
Bundles: [[ True False  True False False False  True False  True  True False False
  False  True False False  True False  True False  True False False  True
  False False False  True False False  True False False False  True False
  False False  True False  True False False  True False False False  True
  False False False  True False False False  True False  True False False
  False  True False False False  True False False  True False  True False
   True  True False False False  True False False False  True False False
   True False False False  True False False False  True False  True False
  False False  True False False  True False False]
 [False  True False  True  True  True False  True False False  True  True
   True False  True  True False  True False  True False  True  True False
   True  True  True False  True  True False  True  True  True False  True
   True  True False  True False  True  True False  True  True  True False
   True  True  True False  True  True  True False  True False  True  True
   True False  True  True  True False  True  True False  True False  True
  False False  True  True  True False  True  True  True False  True  True
  False  True  True  True False  True  True  True False  True False  True
   True  True False  True  True False  True  True]]
Good values: [[0.5        0.5       ]
 [0.5        0.5       ]
 [0.51515152 0.50505051]
 [0.         0.50505051]
 [0.         0.50505051]
 [0.49494949 0.50505051]
 [1.         0.01010101]
 [0.48484848 0.50505051]
 [1.         0.13131313]
 [0.51515152 0.50505051]
 [0.         0.50505051]
 [0.05050505 0.50505051]
 [0.38383838 0.50505051]
 [1.         0.4040404 ]
 [0.1010101  0.50505051]
 [0.47474747 0.50505051]
 [1.         0.25252525]
 [0.43434343 0.50505051]
 [1.         0.36363636]
 [0.25252525 0.50505051]
 [0.74747475 0.50505051]
 [0.         0.50505051]
 [0.15151515 0.50505051]
 [0.54545455 0.50505051]
 [0.         0.50505051]
 [0.03030303 0.50505051]
 [0.31313131 0.50505051]
 [0.90909091 0.50505051]
 [0.         0.50505051]
 [0.16161616 0.50505051]
 [0.58585859 0.50505051]
 [0.         0.50505051]
 [0.01010101 0.50505051]
 [0.26262626 0.50505051]
 [0.80808081 0.50505051]
 [0.         0.50505051]
 [0.09090909 0.50505051]
 [0.43434343 0.50505051]
 [1.         0.33333333]
 [0.3030303  0.50505051]
 [0.88888889 0.50505051]
 [0.         0.50505051]
 [0.14141414 0.50505051]
 [0.53535354 0.50505051]
 [0.         0.50505051]
 [0.         0.50505051]
 [0.2020202  0.50505051]
 [0.67676768 0.50505051]
 [0.         0.50505051]
 [0.02020202 0.50505051]
 [0.27272727 0.50505051]
 [0.84848485 0.50505051]
 [0.         0.50505051]
 [0.08080808 0.50505051]
 [0.4040404  0.50505051]
 [1.         0.38383838]
 [0.2020202  0.50505051]
 [0.67676768 0.50505051]
 [0.         0.50505051]
 [0.02020202 0.50505051]
 [0.26262626 0.50505051]
 [0.82828283 0.50505051]
 [0.         0.50505051]
 [0.07070707 0.50505051]
 [0.38383838 0.50505051]
 [1.         0.42424242]
 [0.11111111 0.50505051]
 [0.47474747 0.50505051]
 [1.         0.26262626]
 [0.48484848 0.50505051]
 [1.         0.25252525]
 [0.50505051 0.50505051]
 [0.98989899 0.21212121]
 [0.60606061 0.50505051]
 [0.         0.50505051]
 [0.01010101 0.50505051]
 [0.23232323 0.50505051]
 [0.73737374 0.50505051]
 [0.         0.50505051]
 [0.06060606 0.50505051]
 [0.35353535 0.50505051]
 [1.         0.49494949]
 [0.         0.50505051]
 [0.2020202  0.50505051]
 [0.66666667 0.50505051]
 [0.         0.50505051]
 [0.02020202 0.50505051]
 [0.26262626 0.50505051]
 [0.80808081 0.50505051]
 [0.         0.50505051]
 [0.09090909 0.50505051]
 [0.41414141 0.50505051]
 [1.         0.38383838]
 [0.23232323 0.50505051]
 [0.73737374 0.50505051]
 [0.         0.50505051]
 [0.06060606 0.50505051]
 [0.34343434 0.50505051]
 [0.98989899 0.50505051]
 [0.         0.50505051]
 [0.17171717 0.50505051]
 [0.60606061 0.50505051]
 [0.         0.50505051]
 [0.         0.50505051]]
Alpha: [2.0, 1.5348947730190707, 1.6310930884968395, 1.343080011816296, 1.49558764663706, 1.295639698694303, 1.3613402936622134, 1.354916216067709, 1.1965671414936494, 1.257174769343443, 1.318481008075296, 1.3759094754200547, 1.2845730449101251, 1.3502676557391453, 1.3016153232117675, 1.3592897641605255, 1.2902723474996047, 1.2024962478817476, 1.226021205319851, 1.1888991189766749, 1.2431369483435137, 1.2197850759509181, 1.2460641608366985, 1.2949328439454144, 1.2920275897721472, 1.2522602547024784, 1.2607938091262265, 1.2059818453096007, 1.2198448616126263, 1.2078386882835195, 1.2228833611187866, 1.2342830158120337, 1.2089303044665667, 1.234982393086084, 1.2133453805497851, 1.237946400333616, 1.2669768001966506, 1.2568876835024996, 1.221870310383281, 1.2102342609503216, 1.2368496149646726, 1.2232001859139614, 1.2506456026035362, 1.2848608353350732, 1.2692182027988346, 1.2645473611505982, 1.2693863832996768, 1.294560316169017, 1.268888976635678, 1.2786779266235369, 1.259995551850852, 1.246166090278948, 1.2740310867454285, 1.2636009793861167, 1.2901412796388567, 1.3136684312061828, 1.3074943260766319, 1.272070629064068, 1.291363171371734, 1.2728510257733967, 1.2887415939494424, 1.271968703806999, 1.2529623806636803, 1.2715071185686069, 1.2930819116591301, 1.2844163621381564, 1.2748763430937848, 1.2462479121477197, 1.234750214336938, 1.2436618136461364, 1.2633770869669756, 1.2343933230430681, 1.2388642976452775, 1.2405300867096118, 1.2314350285458728, 1.2362069200189336, 1.2455566618898781, 1.2396933464153932, 1.2122156797167083, 1.219736738001127, 1.226411247022267, 1.2397516842582768, 1.2299658618062785, 1.2086744907016114, 1.2260257158487622, 1.2252131357743477, 1.243057268912693, 1.2202515753027499, 1.2143440245146893, 1.2032348098610741, 1.2203224587118118, 1.232120889501786, 1.20951536389922, 1.195202702041996, 1.2081194186561925, 1.223905324300681, 1.2212728080259843, 1.2070582575777835, 1.2055092253841904, 1.2116736337953562, 1.193760111122041, 1.2065764926408524]
Bundles: [[ True False  True False  True False  True False  True False False  True
   True  True False  True False  True False False  True False  True False
   True  True False False  True False  True False  True  True False  True
  False  True  True False False False  True False  True  True False False
   True  True False  True False False  True False  True  True False False
   True False  True False False  True  True False False False False  True
   True False  True  True False  True  True False False  True  True  True
  False False  True False  True False False False  True  True False False
   True  True False False False  True False  True]
 [False  True False  True False  True False  True False  True  True False
  False False  True False  True False  True  True False  True False  True
  False False  True  True False  True False  True False False  True False
   True False False  True  True  True False  True False False  True  True
  False False  True False  True  True False  True False False  True  True
  False  True False  True  True False False  True  True  True  True False
  False  True False False  True False False  True  True False False False
   True  True False  True False  True  True  True False False  True  True
  False False  True  True  True False  True False]]
Good values: [[0.5        0.5       ]
 [0.5        0.5       ]
 [0.2575625  0.00318111]
 [0.38106775 0.57587308]
 [0.42729877 0.83510235]
 [0.61649125 0.26608391]
 [0.81102211 0.49948675]
 [0.75881032 0.56608909]
 [0.43744036 0.39615444]
 [0.02223529 0.46935079]
 [0.6235584  0.94611342]
 [0.43532608 0.4856414 ]
 [0.51911514 0.40859098]
 [0.57879572 0.07035067]
 [0.48838383 0.61014483]
 [0.74387911 0.42983032]
 [0.30280213 0.00589003]
 [0.75647897 0.07757597]
 [0.48998804 0.3043611 ]
 [0.84082216 0.95047586]
 [0.31887458 0.89776829]
 [0.33752905 0.81211211]
 [0.7988436  0.65528518]
 [0.22870345 0.13767446]
 [0.42437114 0.15153875]
 [0.87327295 0.17912676]
 [0.03029466 0.55924968]
 [0.42880625 0.85859742]
 [0.16083138 0.3603537 ]
 [0.64050994 0.93107935]
 [0.26180102 0.68809841]
 [0.14905265 0.74015497]
 [0.29318128 0.2437451 ]
 [0.22982144 0.37065117]
 [0.32855509 0.61264167]
 [0.5447154  0.7496431 ]
 [0.29495429 0.96055373]
 [0.54348276 0.67942415]
 [0.68825925 0.15229779]
 [0.14502445 0.46204382]
 [0.52193353 0.27204475]
 [0.18012095 0.50392109]
 [0.65963835 0.22875445]
 [0.21841823 0.95489906]
 [0.72489293 0.03433685]
 [0.98161703 0.00849617]
 [0.26496188 0.91732415]
 [0.08038772 0.8547157 ]
 [0.1446774  0.17924108]
 [0.78467347 0.89542406]
 [0.46073433 0.03848368]
 [0.31530526 0.01529325]
 [0.34917369 0.65931002]
 [0.26521613 0.65201884]
 [0.9274802  0.46613876]
 [0.20710956 0.92271424]
 [0.94585661 0.13490565]
 [0.89963853 0.29214917]
 [0.12817544 0.11807669]
 [0.75945008 0.08844251]
 [0.76315174 0.23961855]
 [0.41878379 0.14301771]
 [0.6526698  0.45778593]
 [0.39383015 0.80467314]
 [0.45901511 0.69156834]
 [0.78198908 0.61488126]
 [0.96139089 0.55087805]
 [0.21901253 0.54187984]
 [0.24455698 0.08332702]
 [0.75636209 0.26449755]
 [0.31364044 0.98834286]
 [0.40055783 0.4413121 ]
 [0.92059873 0.79006638]
 [0.85948209 0.46835671]
 [0.21250357 0.06563882]
 [0.07981402 0.13698955]
 [0.26934892 0.77737395]
 [0.22952601 0.42179358]
 [0.45813653 0.30968599]
 [0.1770109  0.26803079]
 [0.85235438 0.99407227]
 [0.37067425 0.46175091]
 [0.33498855 0.3654387 ]
 [0.68717349 0.73532631]
 [0.31703759 0.14502009]
 [0.707526   0.439391  ]
 [0.91629528 0.40933411]
 [0.02771501 0.72613864]
 [0.98578189 0.46636183]
 [0.95264939 0.16258971]
 [0.21285969 0.34151204]
 [0.40594604 0.89945819]
 [0.97250977 0.51021223]
 [0.69674428 0.62761897]
 [0.86053275 0.10778153]
 [0.56167483 0.80832941]
 [0.77422712 0.76746195]
 [0.98120003 0.02830382]
 [0.10609774 0.15332923]
 [0.58088181 0.43083728]
 [0.06412941 0.27918312]
 [0.39076025 0.50587122]
 [0.75573889 0.4890237 ]
 [0.82572759 0.54046814]]
Alpha: [2.0, 2.0, 1.7452818080008736, 1.5597348999056142, 1.6541173974955057, 1.3506081755950987, 1.40095608176713, 1.2125474804398686, 1.2671923555090332, 1.354764033802684, 1.2631709312496038, 1.366651300468484, 1.250531866267715, 1.178881816381822, 1.2812994044761328, 1.215276975010956, 1.2666982326140988, 1.212055494859467, 1.2945666861232223, 1.227642213424601, 1.25141490051728, 1.2165748913973031, 1.244253605648478, 1.254873447771064, 1.1953244259163402, 1.2008745048056486, 1.2383190818593521, 1.2120342690990262, 1.1971709774937203, 1.2535067426212847, 1.2143398457808707, 1.2405420669680776, 1.2185374762800634, 1.2232407452232588, 1.2017249904959248, 1.2033575472606814, 1.187789402691926, 1.2299307294204798, 1.1920596659005338, 1.2205225104852397, 1.2460039522768824, 1.196394484885293, 1.2138404200258825, 1.1916834169258819, 1.1717769372983493, 1.177131318951416, 1.2065532256497447, 1.196472150181483, 1.20666250411962, 1.2274392452042886, 1.2094806575167778, 1.2397612439343246, 1.2153310572603513, 1.1733806913009062, 1.1975855644922204, 1.2259614049268717, 1.2065999345246154, 1.170914451685858, 1.1780026333367388, 1.1914553799377998, 1.1771238961722361, 1.1981827546436268, 1.1749493003159035, 1.1920557062312411, 1.190568158562106, 1.1834501481132136, 1.1878081138252605, 1.2084804916541747, 1.1854354678097319, 1.2062439476475866, 1.1924582732097189, 1.199106513856077, 1.1838074109661758, 1.1972340211560937, 1.2081273213982795, 1.2228803404748034, 1.211458905506958, 1.2063943748297326, 1.2171807201463611, 1.2084789674939254, 1.2266532908720797, 1.2128585548219213, 1.2051959631220084, 1.222250115587161, 1.1987920004421189, 1.2131283783946059, 1.203517009124349, 1.2162694088716255, 1.2043765182511945, 1.2100282836827516, 1.2250589729647507, 1.2178070113071449, 1.2068037394161553, 1.2066081230843628, 1.2123309733126086, 1.2121314540377222, 1.2173516857358435, 1.206520738650352, 1.2132587659678518, 1.2013134484468484, 1.2117501650963682, 1.2103112343756106]
Bundles: [[ True False False False  True False  True False  True  True False  True
  False False  True False  True False  True False  True False  True  True
  False  True  True False False  True False  True False  True False  True
  False  True False  True  True False  True False False  True  True False
   True  True False  True False False  True  True False False  True  True
  False  True False  True False False  True  True False  True False  True
  False  True  True  True False False  True False  True False False  True
  False  True False  True False  True  True False False False  True False
   True False  True False  True False]
 [False  True  True  True False  True False  True False False  True False
   True  True False  True False  True False  True False  True False False
   True False False  True  True False  True False  True False  True False
   True False  True False False  True False  True  True False False  True
  False False  True False  True  True False False  True  True False False
   True False  True False  True  True False False  True False  True False
   True False False False  True  True False  True False  True  True False
   True False  True False  True False False  True  True  True False  True
  False  True False  True False  True]]
Good values: [[0.86588433 0.44174581]
 [0.51367618 0.04736912]
 [0.20134236 0.55928046]
 [0.18806506 0.45770967]
 [0.48270601 0.21591771]
 [0.52964718 0.83715344]
 [0.23376198 0.99265975]
 [0.46849101 0.91203605]
 [0.25976731 0.99456185]
 [0.50804777 0.09195213]
 [0.30827018 0.54717355]
 [0.74498493 0.5925691 ]
 [0.49256825 0.50182721]
 [0.35234284 0.81805873]
 [0.8763352  0.77732708]
 [0.381696   0.56823181]
 [0.51944157 0.42083045]
 [0.35737186 0.46297044]
 [0.96898701 0.05576072]
 [0.50444506 0.89851251]
 [0.30987778 0.4345244 ]
 [0.90440714 0.99822682]
 [0.40184656 0.8009923 ]
 [0.16210629 0.55912406]
 [0.5747073  0.73643805]
 [0.08411166 0.79959285]
 [0.59950623 0.54647458]
 [0.27746598 0.01919912]
 [0.16229167 0.90408693]
 [0.99874461 0.41932727]
 [0.45906294 0.60471424]
 [0.50689047 0.00106922]
 [0.27446385 0.87640239]
 [0.09369075 0.71545689]
 [0.27871258 0.67955755]
 [0.03247258 0.12828714]
 [0.20811262 0.99917008]
 [0.88030802 0.65246383]
 [0.53901967 0.90113011]
 [0.63922314 0.40307549]
 [0.61320884 0.91561148]
 [0.77781828 0.41802699]
 [0.43352739 0.37757227]
 [0.37129177 0.26612156]
 [0.3455536  0.99020417]
 [0.13460483 0.34440582]
 [0.77206106 0.15692058]
 [0.18193474 0.5640388 ]
 [0.27969619 0.02041428]
 [0.59312059 0.35347072]
 [0.33627672 0.39973374]
 [0.91545901 0.82227755]
 [0.48041805 0.92980201]
 [0.95094766 0.86355639]
 [0.76410407 0.63819121]
 [0.95662421 0.17810473]
 [0.43407663 0.13747953]
 [0.83766675 0.76894748]
 [0.24423472 0.815336  ]
 [0.47531212 0.31241537]
 [0.35359599 0.27216192]
 [0.77206416 0.11021633]
 [0.59655113 0.68854855]
 [0.65137983 0.19183698]
 [0.039253   0.96271334]
 [0.18919389 0.91062948]
 [0.16979618 0.6977507 ]
 [0.83091313 0.48482398]
 [0.63463363 0.86286458]
 [0.87244663 0.86142136]
 [0.39482881 0.87776332]
 [0.28677939 0.13100797]
 [0.45018507 0.89816653]
 [0.59014714 0.04583805]
 [0.49350401 0.11599353]
 [0.69041971 0.59512433]
 [0.34938127 0.55606947]
 [0.15704091 0.97743588]
 [0.51760099 0.50263808]
 [0.27421623 0.51389292]
 [0.90141649 0.37651285]
 [0.4465118  0.32305583]
 [0.25244071 0.82351743]
 [0.87616127 0.65998901]
 [0.79903031 0.65430736]
 [0.75851781 0.15054959]
 [0.33853584 0.63793763]
 [0.69526644 0.90438528]
 [0.42880615 0.84777758]
 [0.31374437 0.2399013 ]
 [0.8566623  0.50981564]
 [0.2681139  0.14741892]
 [0.41295813 0.24953258]
 [0.00740972 0.68741197]
 [0.33212507 0.12660319]
 [0.007579   0.43944846]
 [0.30716493 0.32814887]
 [0.41616664 0.56171902]
 [0.40060627 0.41828525]
 [0.4690962  0.71853893]
 [0.63083773 0.43332087]
 [0.05739485 0.64011139]]
Alpha: [2.0, 2.0, 1.7452818080008736, 1.5597348999056142, 1.6541173974955057, 1.3506081755950987, 1.40095608176713, 1.2125474804398686, 1.2671923555090332, 1.354764033802684, 1.2631709312496038, 1.366651300468484, 1.250531866267715, 1.178881816381822, 1.2812994044761328, 1.215276975010956, 1.2666982326140988, 1.212055494859467, 1.2945666861232223, 1.227642213424601, 1.25141490051728, 1.2165748913973031, 1.244253605648478, 1.254873447771064, 1.1953244259163402, 1.2008745048056486, 1.2383190818593521, 1.2120342690990262, 1.1971709774937203, 1.2535067426212847, 1.2143398457808707, 1.2405420669680776, 1.2185374762800634, 1.2232407452232588, 1.2017249904959248, 1.2033575472606814, 1.187789402691926, 1.2299307294204798, 1.1920596659005338, 1.2205225104852397, 1.2460039522768824, 1.196394484885293, 1.2138404200258825, 1.1916834169258819, 1.1717769372983493, 1.177131318951416, 1.2065532256497447, 1.196472150181483, 1.20666250411962, 1.2274392452042886]
Bundles: [[ True False False False  True False  True False  True  True False  True
  False False  True False  True False  True False  True False  True  True
  False  True  True False False  True False  True False  True False  True
  False  True False  True  True False  True False False  True  True False
   True  True]
 [False  True  True  True False  True False  True False False  True False
   True  True False  True False  True False  True False  True False False
   True False False  True  True False  True False  True False  True False
   True False  True False False  True False  True  True False False  True
  False False]]
Good values: [[0.86588433 0.44174581]
 [0.51367618 0.04736912]
 [0.20134236 0.55928046]
 [0.18806506 0.45770967]
 [0.48270601 0.21591771]
 [0.52964718 0.83715344]
 [0.23376198 0.99265975]
 [0.46849101 0.91203605]
 [0.25976731 0.99456185]
 [0.50804777 0.09195213]
 [0.30827018 0.54717355]
 [0.74498493 0.5925691 ]
 [0.49256825 0.50182721]
 [0.35234284 0.81805873]
 [0.8763352  0.77732708]
 [0.381696   0.56823181]
 [0.51944157 0.42083045]
 [0.35737186 0.46297044]
 [0.96898701 0.05576072]
 [0.50444506 0.89851251]
 [0.30987778 0.4345244 ]
 [0.90440714 0.99822682]
 [0.40184656 0.8009923 ]
 [0.16210629 0.55912406]
 [0.5747073  0.73643805]
 [0.08411166 0.79959285]
 [0.59950623 0.54647458]
 [0.27746598 0.01919912]
 [0.16229167 0.90408693]
 [0.99874461 0.41932727]
 [0.45906294 0.60471424]
 [0.50689047 0.00106922]
 [0.27446385 0.87640239]
 [0.09369075 0.71545689]
 [0.27871258 0.67955755]
 [0.03247258 0.12828714]
 [0.20811262 0.99917008]
 [0.88030802 0.65246383]
 [0.53901967 0.90113011]
 [0.63922314 0.40307549]
 [0.61320884 0.91561148]
 [0.77781828 0.41802699]
 [0.43352739 0.37757227]
 [0.37129177 0.26612156]
 [0.3455536  0.99020417]
 [0.13460483 0.34440582]
 [0.77206106 0.15692058]
 [0.18193474 0.5640388 ]
 [0.27969619 0.02041428]
 [0.59312059 0.35347072]]
Alpha: [2.0, 2.0, 2.0, 2.0, 2.0, 2.0, 2.0, 2.0, 1.9942611190817792, 1.9885550786838342, 1.9828815977175467, 1.9772403982930302, 1.9773691654879777, 1.9717912552891401, 1.966244725738397, 1.9607293127629735, 1.9552447552447554, 1.9554937413073716, 1.9500693481276008, 1.9446749654218538, 1.9393103448275866, 1.9339752407152688, 1.934336525307798, 1.9290586630286497, 1.9238095238095243, 1.918588873812755, 1.913396481732071, 1.9138627187079413, 1.9087248322147659, 1.903614457831326, 1.89853137516689, 1.8934753661784292, 1.8940397350993383, 1.8890356671070019, 1.8840579710144933, 1.87910643889619, 1.879738562091504, 1.874837027379401, 1.8699609882964898, 1.8651102464332046, 1.865806451612904, 1.865806451612904, 1.861003861003862, 1.8562259306803606, 1.8514724711907822, 1.8522292993630585, 1.8475222363405348, 1.8428390367553875, 1.8381795195954498, 1.8389937106918246, 1.8343789209535764, 1.8297872340425536, 1.8252184769038704, 1.8260869565217397, 1.8215613382899631, 1.8170580964153282, 1.8125770653514184, 1.813496932515338, 1.8090575275397802, 1.8046398046398051, 1.8002436053593183, 1.8012121212121217, 1.7968561064087065, 1.7925211097708091, 1.7935174069627864, 1.7892215568862286, 1.7849462365591406, 1.7806912991656743, 1.7817319098457898, 1.7775147928994093, 1.7733175914994104, 1.7743830787309058, 1.7702227432590865, 1.76608187134503, 1.7619603267211208, 1.7630662020905932, 1.7589803012746241, 1.7549132947976884, 1.756041426927503, 1.7520091848450061, 1.7479954180985111, 1.7440000000000002, 1.7451649601820254, 1.7412031782065835, 1.737259343148358, 1.7384441939120634, 1.7345331833520812, 1.7306397306397314, 1.7318435754189954, 1.7279821627647722, 1.7241379310344835, 1.725359911406424, 1.725359911406424, 1.7215469613259675, 1.7177508269018749, 1.7189901207464335, 1.7189901207464335, 1.715224534501644, 1.7114754098360665, 1.7127312295973895]
Bundles: [[ True  True  True  True  True  True  True False False False False False
   True False False False False  True False False False False  True False
  False False False  True False False False False  True False False False
   True False False False  True False False False False  True False False
  False  True False False False  True False False False  True False False
  False  True False False  True False False False  True False False  True
  False False False  True False False  True False False False  True False
  False  True False False  True False False  True False False False  True
  False False False  True]
 [False False False False False False False  True  True  True  True  True
  False  True  True  True  True False  True  True  True  True False  True
   True  True  True False  True  True  True  True False  True  True  True
  False  True  True  True False  True  True  True  True False  True  True
   True False  True  True  True False  True  True  True False  True  True
   True False  True  True False  True  True  True False  True  True False
   True  True  True False  True  True False  True  True  True False  True
   True False  True  True False  True  True False  True  True  True False
   True  True  True False]]
Good values: [[0.5        0.        ]
 [0.5        0.        ]
 [0.5        0.        ]
 [0.5        0.        ]
 [0.5        0.        ]
 [0.5        0.        ]
 [0.5        0.        ]
 [0.01010101 0.64646465]
 [0.01010101 0.01010101]
 [0.01010101 0.01010101]
 [0.01010101 0.01010101]
 [0.01010101 0.01010101]
 [0.02020202 0.01010101]
 [0.01010101 0.01010101]
 [0.01010101 0.01010101]
 [0.01010101 0.01010101]
 [0.01010101 0.01010101]
 [0.02020202 0.01010101]
 [0.01010101 0.01010101]
 [0.01010101 0.01010101]
 [0.01010101 0.01010101]
 [0.01010101 0.01010101]
 [0.02020202 0.01010101]
 [0.01010101 0.01010101]
 [0.01010101 0.01010101]
 [0.01010101 0.01010101]
 [0.01010101 0.01010101]
 [0.02020202 0.01010101]
 [0.01010101 0.01010101]
 [0.01010101 0.01010101]
 [0.01010101 0.01010101]
 [0.01010101 0.01010101]
 [0.02020202 0.01010101]
 [0.01010101 0.01010101]
 [0.01010101 0.01010101]
 [0.01010101 0.01010101]
 [0.02020202 0.01010101]
 [0.01010101 0.01010101]
 [0.01010101 0.01010101]
 [0.01010101 0.01010101]
 [0.02020202 0.01010101]
 [0.         0.01010101]
 [0.01010101 0.01010101]
 [0.01010101 0.01010101]
 [0.01010101 0.01010101]
 [0.02020202 0.01010101]
 [0.01010101 0.01010101]
 [0.01010101 0.01010101]
 [0.01010101 0.01010101]
 [0.02020202 0.01010101]
 [0.01010101 0.01010101]
 [0.01010101 0.01010101]
 [0.01010101 0.01010101]
 [0.02020202 0.01010101]
 [0.01010101 0.01010101]
 [0.01010101 0.01010101]
 [0.01010101 0.01010101]
 [0.02020202 0.01010101]
 [0.01010101 0.01010101]
 [0.01010101 0.01010101]
 [0.01010101 0.01010101]
 [0.02020202 0.01010101]
 [0.01010101 0.01010101]
 [0.01010101 0.01010101]
 [0.02020202 0.01010101]
 [0.01010101 0.01010101]
 [0.01010101 0.01010101]
 [0.01010101 0.01010101]
 [0.02020202 0.01010101]
 [0.01010101 0.01010101]
 [0.01010101 0.01010101]
 [0.02020202 0.01010101]
 [0.01010101 0.01010101]
 [0.01010101 0.01010101]
 [0.01010101 0.01010101]
 [0.02020202 0.01010101]
 [0.01010101 0.01010101]
 [0.01010101 0.01010101]
 [0.02020202 0.01010101]
 [0.01010101 0.01010101]
 [0.01010101 0.01010101]
 [0.01010101 0.01010101]
 [0.02020202 0.01010101]
 [0.01010101 0.01010101]
 [0.01010101 0.01010101]
 [0.02020202 0.01010101]
 [0.01010101 0.01010101]
 [0.01010101 0.01010101]
 [0.02020202 0.01010101]
 [0.01010101 0.01010101]
 [0.01010101 0.01010101]
 [0.02020202 0.01010101]
 [0.         0.01010101]
 [0.01010101 0.01010101]
 [0.01010101 0.01010101]
 [0.02020202 0.01010101]
 [0.         0.01010101]
 [0.01010101 0.01010101]
 [0.01010101 0.01010101]
 [0.02020202 0.01010101]]
Alpha: [2.0, 2.0, 2.0, 2.0, 2.0, 2.0, 2.0, 2.0, 1.9942611190817792, 1.9885550786838342, 1.9828815977175467, 1.9772403982930302, 1.9773691654879777, 1.9717912552891401, 1.966244725738397, 1.9607293127629735, 1.9552447552447554, 1.9554937413073716, 1.9500693481276008, 1.9446749654218538, 1.9393103448275866, 1.9339752407152688, 1.934336525307798, 1.9290586630286497, 1.9238095238095243, 1.918588873812755, 1.913396481732071, 1.9138627187079413, 1.9087248322147659, 1.903614457831326, 1.89853137516689, 1.8934753661784292, 1.8940397350993383, 1.8890356671070019, 1.8840579710144933, 1.87910643889619, 1.879738562091504, 1.874837027379401, 1.8699609882964898, 1.8651102464332046, 1.865806451612904, 1.865806451612904, 1.861003861003862, 1.8562259306803606, 1.8514724711907822, 1.8522292993630585, 1.8475222363405348, 1.8428390367553875, 1.8381795195954498, 1.8389937106918246, 1.8343789209535764, 1.8297872340425536, 1.8252184769038704, 1.8260869565217397, 1.8215613382899631, 1.8170580964153282, 1.8125770653514184, 1.813496932515338, 1.8090575275397802, 1.8046398046398051, 1.8002436053593183, 1.8012121212121217, 1.7968561064087065, 1.7925211097708091, 1.7935174069627864, 1.7892215568862286, 1.7849462365591406, 1.7806912991656743, 1.7817319098457898, 1.7775147928994093, 1.7733175914994104, 1.7743830787309058, 1.7702227432590865, 1.76608187134503, 1.7619603267211208, 1.7630662020905932, 1.7589803012746241, 1.7549132947976884, 1.756041426927503, 1.7520091848450061, 1.7479954180985111, 1.7440000000000002, 1.7451649601820254, 1.7412031782065835, 1.737259343148358, 1.7384441939120634, 1.7345331833520812, 1.7306397306397314, 1.7318435754189954, 1.7279821627647722, 1.7241379310344835, 1.725359911406424, 1.725359911406424, 1.7215469613259675, 1.7177508269018749, 1.7189901207464335, 1.7189901207464335, 1.715224534501644, 1.7114754098360665, 1.7127312295973895, 1.7090119435396318, 1.705308775731312, 1.7065803667745425, 1.7065803667745425, 1.7029063509149633, 1.6992481203007528, 1.7005347593582896, 1.6969050160085386, 1.6932907348242818, 1.6945917285259815, 1.6945917285259815, 1.6910052910052922, 1.6874340021119334, 1.6887486855941125, 1.6852046169989516, 1.6816753926701578, 1.6830031282586033, 1.6795005202913638, 1.6760124610591904, 1.6773526370217176, 1.6738906088751297, 1.6704428424304847, 1.6717948717948723, 1.6683725690890485, 1.6649642492339125, 1.666327568667345, 1.6629441624365484, 1.6595744680851066, 1.6609485368314831, 1.6576032225579052, 1.6542713567839196, 1.6556556556556565, 1.6523476523476532, 1.649052841475574, 1.6504468718967238, 1.6471754212091185, 1.6439169139465883, 1.6453201970443354, 1.6420845624385454, 1.638861629048087, 1.6402737047898344, 1.6370731707317079, 1.633885102239533, 1.6353055286129972, 1.6321393998063891, 1.628985507246377, 1.6304138594802695, 1.6272814601344863, 1.6241610738255035, 1.6255969436485196, 1.6224976167778835, 1.619410085632731, 1.6208530805687202, 1.617786187322611, 1.6192271442035822, 1.6192271442035822, 1.6161806208842906, 1.613145539906104, 1.6145930776426571, 1.6115779645191415, 1.6085740913327122, 1.6100278551532037, 1.6070435588507883, 1.6040703052728957, 1.605529953917051, 1.6025758969641217, 1.6040329972502294, 1.6040329972502294, 1.6010978956999087, 1.5981735159817352, 1.599636032757052, 1.5967302452316077, 1.5938349954669082, 1.5953026196928635, 1.592425608656447, 1.5938903863432166, 1.5938903863432166, 1.591031390134529, 1.5881826320501342, 1.589652096342552, 1.5868210151380238, 1.584000000000001, 1.5854738706820202, 1.582670203359859, 1.584140969162996, 1.584140969162996, 1.5813544415127534, 1.5785776997366117, 1.5800524934383204, 1.5772925764192145, 1.5745422842197039, 1.5760208514335365, 1.5732870771899399, 1.5747623163353506, 1.5747623163353506, 1.5720448662640212, 1.5693367786391046, 1.570815450643777, 1.5681233933161955, 1.5695986336464562, 1.5695986336464562, 1.56692242114237, 1.5642553191489361, 1.5657336726039026, 1.563082133784929, 1.5645569620253172, 1.5645569620253172, 1.5619208087615846, 1.5592935239697232, 1.5607711651299252, 1.5581589958159001, 1.5596330275229364, 1.5596330275229364, 1.5570358034970861, 1.5544472152950959, 1.5559237779618893, 1.5533498759305213, 1.5507844756399674, 1.552263374485597, 1.5497124075595727, 1.5511875511875513, 1.5511875511875513, 1.5486508585445629, 1.5461224489795922, 1.5475996745321403, 1.5450852965069053, 1.5465587044534423, 1.5465587044534423, 1.54405820533549, 1.5455278001611614, 1.5455278001611614, 1.5430410297666945, 1.540562248995985, 1.542033626901522, 1.5395683453237419, 1.541035856573706, 1.541035856573706, 1.5385839299920452, 1.536139793486895, 1.5376088677751394, 1.535177865612649, 1.5366430260047286, 1.5366430260047286, 1.5342250196695522, 1.531814611154753, 1.5332811276429137, 1.5308835027365133, 1.5323460639127051, 1.5323460639127051, 1.529961089494164, 1.5275835275835281, 1.5290472501936494, 1.5266821345707668, 1.5281418658442572, 1.5281418658442572, 1.5257890685142426, 1.5272448196469692, 1.5272448196469692, 1.5249042145593878, 1.5225707727620512, 1.524027459954234, 1.5217060167555223, 1.5231586940015194, 1.5231586940015192, 1.5208491281273697, 1.5222978080120941, 1.5222978080120941, 1.5200000000000002, 1.5177091183119824, 1.5191585274229906, 1.5168792198049517, 1.518324607329843, 1.518324607329843, 1.5160567587752054, 1.5137956748695005, 1.5152416356877334, 1.5129918337045294, 1.5144337527757223, 1.5144337527757223, 1.5121951219512202, 1.5136330140014744, 1.5136330140014744, 1.5114054451802803, 1.5091844232182225, 1.510622710622711, 1.5084125822970014, 1.5098468271334797, 1.5098468271334795, 1.5076474872541883, 1.5090777051561368, 1.5090777051561368, 1.5068890500362584, 1.5047067342505431, 1.5061371841155236, 1.503965392934391, 1.505391804457225, 1.505391804457225, 1.5032304379038046, 1.5046528274874738, 1.5046528274874738, 1.5025017869907085, 1.5003568879371885, 1.5017793594306055, 1.499644633972993, 1.5010630758327435, 1.5010630758327435, 1.4989384288747352, 1.500352858151024, 1.500352858151024, 1.498238195912615, 1.4961294862772703, 1.4975438596491233, 1.4954449894884376, 1.49685534591195, 1.49685534591195, 1.49476622470342, 1.4961725817675715, 1.4961725817675715, 1.4940931202223768, 1.4954954954954955, 1.4954954954954955, 1.4934256055363322, 1.4913614374568072, 1.4927636113025506, 1.4907088781830702, 1.492107069320522, 1.492107069320522, 1.4900616860863611, 1.4914559125085447, 1.4914559125085447, 1.4894197952218435, 1.4873892297205185, 1.4887831407205987, 1.4867617107942976, 1.4881516587677728, 1.4881516587677728, 1.4861392832995273, 1.4875252865812547, 1.4875252865812547, 1.485521885521886, 1.4869039623908666, 1.4869039623908666, 1.484909456740443, 1.4829202947086406, 1.484301937207749, 1.482321547698466, 1.4836992681304066, 1.4836992681304066, 1.4817275747508314, 1.4831013916501001, 1.4831013916501001, 1.4811383189940444, 1.4825082508250833, 1.4825082508250833, 1.4805537244561642, 1.4786043449637927, 1.4799737360472758, 1.4780327868852465, 1.479398299542185, 1.479398299542185, 1.477465708687133, 1.4788273615635183, 1.4788273615635183, 1.4769030579050102, 1.4782608695652177, 1.4782608695652177, 1.4763447828904734, 1.474433656957929, 1.475790832795352, 1.4738878143133465, 1.4752411575562707, 1.4752411575562707, 1.4733461785484914, 1.474695707879565, 1.474695707879565, 1.4728087012156117, 1.474154435226548, 1.474154435226548, 1.4722753346080313, 1.4736172917991106, 1.4736172917991106, 1.4736172917991106, 1.4717460317460322, 1.4730842305256497, 1.4730842305256497, 1.471220746363062, 1.4725552050473194, 1.4725552050473194, 1.4706994328922502, 1.4720301697045888, 1.4720301697045888, 1.4720301697045888, 1.4701820464532334, 1.471509079524108, 1.471509079524108, 1.4696685428392748, 1.470991890205865, 1.470991890205865, 1.4691588785046739, 1.4704785581106286, 1.4704785581106286, 1.4704785581106286, 1.4686530105524527, 1.4699690402476786, 1.4699690402476786, 1.4681508967223258, 1.4694632942628012, 1.4694632942628012, 1.4676524953789283, 1.4689612784265527, 1.4689612784265527, 1.4689612784265527, 1.4671577655003076, 1.4684629516227807, 1.4684629516227807, 1.466666666666667, 1.4679682733374015, 1.4679682733374015, 1.4661791590493607, 1.467477203647417, 1.467477203647417, 1.465695203400122, 1.4639175257731964, 1.4652147610405328, 1.4634441087613301, 1.4647377938517185, 1.4629741119807351, 1.4612146722790147, 1.4625074985003006, 1.460754943079689, 1.4620442319187092, 1.4620442319187092, 1.4602985074626869, 1.4615842763549733, 1.4615842763549733, 1.4598453301606187, 1.4611275964391697, 1.4611275964391697, 1.459395376407825, 1.4606741573033712, 1.4606741573033712, 1.458948611931483, 1.4602239245727757, 1.4602239245727757, 1.4602239245727757, 1.4585050029429079, 1.4597768643570173, 1.4597768643570177, 1.4580645161290329, 1.4593329432416626, 1.4593329432416626, 1.4576271186440686, 1.4588921282798841, 1.4588921282798841, 1.45719277810134, 1.4554973821989534, 1.4567614625652936, 1.4550724637681165, 1.4563331405436675, 1.454650491045639, 1.4559077809798278, 1.4559077809798278, 1.4559077809798278, 1.4542314335060456, 1.4554853532452618, 1.4554853532452618, 1.4538152610441772, 1.455065827132227, 1.455065827132227, 1.453401943967982, 1.4546491728465494, 1.4546491728465494, 1.4529914529914536, 1.4513375071144001, 1.4525837592277122, 1.450935904707885, 1.4521788341822304, 1.4505370265686834, 1.4517766497461932, 1.4517766497461937, 1.4517766497461937, 1.4501408450704234, 1.4513771781899951, 1.4513771781899951, 1.4497473329590125, 1.4509803921568636, 1.4509803921568636, 1.4493564633463913, 1.450586264656617, 1.450586264656617, 1.4489682097044068, 1.4501947690595443, 1.4501947690595443, 1.4501947690595443, 1.448582545858811, 1.4498058790904058, 1.4498058790904058, 1.4481994459833802, 1.4494195688225548, 1.4494195688225548, 1.4478188845941478, 1.449035812672177, 1.449035812672177, 1.447440836543754, 1.4486545853926422, 1.4486545853926422, 1.4486545853926422, 1.4470652770159085, 1.448275862068966, 1.448275862068966, 1.446692181519957, 1.4478996181123844, 1.4478996181123844, 1.4463215258855588, 1.4475258292550306, 1.4475258292550306, 1.4459532862574693, 1.4471544715447158, 1.4471544715447158, 1.4455874390904173, 1.4467855213398166, 1.4467855213398166, 1.4467855213398166, 1.445223961144091, 1.4464189553042546, 1.4464189553042546, 1.4448628294782144, 1.4460547504025771, 1.4460547504025771, 1.4445040214477218, 1.4456928838951315, 1.4456928838951315, 1.444147514698023, 1.4453333333333336, 1.4453333333333336, 1.4453333333333336, 1.4437932871603625, 1.4449760765550244, 1.4449760765550244, 1.4434413170472653, 1.4446210916799156, 1.4446210916799156, 1.4430915828480682, 1.4442683571051247, 1.4442683571051247, 1.4427440633245388, 1.4439178515007902, 1.4439178515007902, 1.4423987375065759, 1.443569553805775, 1.443569553805775, 1.443569553805775, 1.442055584687992, 1.4432234432234439, 1.4432234432234439, 1.4417145844223738, 1.442879499217528, 1.442879499217528, 1.4413757165190209, 1.4425377015080607, 1.4425377015080607, 1.4410389610389613, 1.4421980300673927, 1.4421980300673927, 1.440704298291041, 1.4418604651162794, 1.4418604651162794, 1.4418604651162794, 1.440371708828085, 1.4415249871200417, 1.4415249871200417, 1.4400411734431295, 1.4411915767847976, 1.4411915767847976, 1.4397126731657264, 1.4408602150537637, 1.4408602150537637, 1.4393861892583122, 1.4405308831036248, 1.4405308831036248, 1.439061703212647, 1.4402035623409672, 1.4402035623409672, 1.4402035623409672, 1.4387391967463146, 1.4398782343987828, 1.4398782343987828, 1.4384186517992907, 1.4395548811330303, 1.4395548811330303, 1.4381000505305714, 1.439233484619264, 1.439233484619264, 1.4377833753148619, 1.4389140271493215, 1.4389140271493215, 1.4374686087393276, 1.4385964912280707, 1.4385964912280707, 1.4385964912280707, 1.437155733600401, 1.4382808595702152, 1.4382808595702152, 1.4368447329006493, 1.43796711509716, 1.43796711509716, 1.4365355898456948, 1.43765524093393, 1.43765524093393, 1.4362282878411916, 1.437345220406142, 1.437345220406142, 1.435922810489857, 1.4370370370370373, 1.4370370370370373, 1.4356191415885549, 1.4367306745445598, 1.4367306745445598, 1.4367306745445598, 1.435317265125431, 1.4364261168384886, 1.4364261168384886, 1.4350171652770973, 1.4361233480176216, 1.4361233480176216, 1.4347188264058683, 1.4358223523670086, 1.4358223523670086, 1.4344222330570457, 1.4355231143552318, 1.4355231143552318, 1.4341273699562476, 1.4352256186317327, 1.4352256186317327, 1.4352256186317327, 1.4338342220067868, 1.4349298500241903, 1.4349298500241903, 1.4335427742870956, 1.4346357935359388, 1.4346357935359388, 1.4332530120481932, 1.434343434343435, 1.434343434343435, 1.432964920711197, 1.4340527577937656, 1.4340527577937656, 1.4326784858648784, 1.4337637494022006, 1.4337637494022006, 1.432393693263259, 1.433476394849786, 1.433476394849786, 1.433476394849786, 1.4321105288232496, 1.43319067998098, 1.43319067998098, 1.431828978622328, 1.432906590801328, 1.432906590801328, 1.4315490288962582, 1.432624113475178, 1.432624113475178, 1.4312706660368453, 1.4323432343234328, 1.4323432343234328, 1.430993876589732, 1.432063939821345, 1.432063939821345, 1.4307186472522315, 1.4317862165963438, 1.4317862165963438, 1.4317862165963438, 1.430444964871195, 1.4315100514259005, 1.4315100514259005, 1.430172816440916, 1.4312354312354318, 1.4312354312354318, 1.4299021891010717, 1.4309623430962348, 1.4309623430962348, 1.4296330701346962, 1.4306907742234591, 1.4306907742234591, 1.4293654469661885, 1.4304207119741106, 1.4304207119741106, 1.4290993071593538, 1.4301521438450906, 1.4301521438450906, 1.4288346384154773, 1.429885057471265, 1.429885057471265, 1.429885057471265, 1.428571428571429, 1.4296194406235678, 1.4296194406235678, 1.4283096655978018, 1.4293552812071337, 1.4293552812071337, 1.4280493375970769, 1.4290925672594625, 1.4290925672594625, 1.4277904328018227, 1.4288312869486133, 1.4288312869486133, 1.4275329395729217, 1.4285714285714293, 1.4285714285714293, 1.4272768463978256, 1.4283129805517873, 1.4283129805517873, 1.4270221418888394, 1.428055931438882, 1.428055931438882, 1.428055931438882, 1.4267688147814337, 1.4278002699055334, 1.4278002699055334, 1.4265168539325848, 1.4275459847465237, 1.4275459847465237, 1.42626624831914, 1.4272930648769582, 1.4272930648769582, 1.4260169870362098, 1.4270414993306566, 1.4270414993306566, 1.4257690592955867, 1.4267912772585676, 1.4267912772585676, 1.4255224544241891, 1.426542387927209, 1.426542387927209, 1.4252771618625284, 1.426294820717132, 1.426294820717132, 1.426294820717132, 1.4250331711632025, 1.4260485651214134, 1.4260485651214134, 1.424790471989414, 1.4258036107441663, 1.4258036107441663, 1.424549054113507, 1.425559947299078, 1.425559947299078, 1.4243089074155337, 1.4253175646079725, 1.4253175646079725, 1.4240700218818385, 1.425076452599389, 1.425076452599389, 1.4238323876036674, 1.42483660130719, 1.42483660130719, 1.423595994775795, 1.4245980008691879, 1.4245980008691879, 1.4245980008691879, 1.4233608336951808, 1.4243606415257917, 1.4243606415257917, 1.423126894759637, 1.4241245136186775, 1.4241245136186775, 1.4228941684665233, 1.4238896075894787, 1.4238896075894787, 1.4226626454114613, 1.4236559139784954, 1.4236559139784954, 1.4224323162870658, 1.4234234234234242, 1.4234234234234242, 1.422203171881698, 1.4231921266581093, 1.4231921266581093, 1.421975203078239, 1.4229620145113107, 1.4229620145113107, 1.421748400852879, 1.4227330779054923, 1.4227330779054923, 1.4227330779054923, 1.4215227562739265, 1.4225053078556271, 1.4225053078556271, 1.4212982605006372, 1.4222786954680229, 1.4222786954680229, 1.4210749047820574, 1.4220532319391639, 1.4220532319391639, 1.4208526804558892, 1.4218289085545726, 1.4218289085545726, 1.4206315789473687, 1.4216057166876848, 1.4216057166876848, 1.4204115917681654, 1.4213836477987427, 1.4213836477987427, 1.4201927105152916, 1.4211626934337105, 1.4211626934337105, 1.4199749268700383, 1.4209428452231967, 1.4209428452231967, 1.4209428452231967, 1.4197582325969162, 1.4207240948813988, 1.4207240948813988, 1.4195426195426202, 1.420506434205065, 1.420506434205065, 1.4193280796350067, 1.420289855072464, 1.420289855072464, 1.4191146048820855, 1.4200743494423795, 1.4200743494423795, 1.4189021873710281, 1.4198599093531115, 1.4198599093531115, 1.4186908192671885, 1.4196465269214968, 1.4196465269214968, 1.4184804928131425, 1.4194341943419442, 1.4194341943419442, 1.4182712003277351, 1.4192229038854811, 1.4192229038854811, 1.4192229038854811, 1.4180629342051496, 1.4190126478988172, 1.4190126478988172, 1.4178556869139831, 1.4188034188034193, 1.4188034188034193, 1.4176494509963404, 1.4185952090946006, 1.4185952090946006, 1.4174442190669376, 1.4183880113406242, 1.4183880113406242, 1.4172399838122223, 1.4181818181818184, 1.4181818181818184, 1.4170367379895037, 1.4179766223297061, 1.4179766223297061, 1.416834474426098, 1.4177724165661443, 1.4177724165661443, 1.4166331860184815, 1.4175691937424792, 1.4175691937424792, 1.4164328657314633, 1.4173669467787118, 1.4173669467787118, 1.4173669467787118, 1.4162335065973615, 1.4171656686626748, 1.4171656686626748, 1.4160351017151978, 1.4169653524492238, 1.4169653524492238, 1.415837644249901, 1.416765991259436, 1.416765991259436, 1.4156411274315206, 1.4165675782798257, 1.4165675782798257, 1.4154455445544558, 1.4163701067615662, 1.4163701067615662, 1.4152508889766895, 1.4161735700197244, 1.4161735700197244, 1.4150571541190387, 1.4159779614325074, 1.4159779614325074, 1.4148643334644126, 1.4157832744405188, 1.4157832744405188, 1.4146724205570815, 1.4155895025460246, 1.4155895025460246, 1.4155895025460246, 1.4144814090019573, 1.4153966393122317, 1.4153966393122317, 1.4142912924638815, 1.4152046783625734, 1.4152046783625734, 1.4141020646669267, 1.4150136133800082, 1.4150136133800082, 1.4139137193937044, 1.4148234381063256, 1.4148234381063256, 1.4137262504846844, 1.4146341463414638, 1.4146341463414638, 1.4135396518375245, 1.4144457319428352, 1.4144457319428352, 1.413353917406407, 1.414258188824663, 1.414258188824663, 1.4131690412013864, 1.4140715109573245, 1.4140715109573245, 1.4129850172877452, 1.4138856923667054, 1.4138856923667054, 1.4128018397853586, 1.413700727133563, 1.413700727133563, 1.413700727133563, 1.412619502868069, 1.4135166093928984, 1.4135166093928984, 1.412438000763068, 1.4133333333333336, 1.4133333333333336, 1.412257327750286, 1.4131508931965036, 1.4131508931965036, 1.4120774781617929, 1.4129692832764509, 1.4129692832764509, 1.4118984463812054, 1.412788497919032, 1.412788497919032, 1.4117202268431006, 1.4126085315213293, 1.4126085315213293, 1.4115428140324409, 1.4124293785310735, 1.4124293785310735, 1.4113662024840046, 1.412251033446073, 1.412251033446073, 1.4111903867818252, 1.4120734908136485, 1.4120734908136485, 1.4110153615586365, 1.4118967452300788, 1.4118967452300788, 1.4118967452300788, 1.4108411214953276, 1.4117207913400527, 1.4117207913400527, 1.4106676613204032, 1.4115456238361268, 1.411545623836127, 1.4104949758094534, 1.4113712374581944, 1.4113712374581944, 1.4103230597846275, 1.4111976269929554, 1.4111976269929554, 1.4101519081141167, 1.4110247872734003, 1.4110247872734003, 1.4099815157116453, 1.4108527131782949, 1.4108527131782949, 1.4098118775359652, 1.4106813996316763, 1.4106813996316763, 1.4096429885903574, 1.4105108416023526, 1.4105108416023526, 1.4094748439221454, 1.4103410341034108, 1.4103410341034108, 1.4093074386222062, 1.4101719721917307, 1.4101719721917307, 1.4091407678244974, 1.4100036509675067, 1.4100036509675067, 1.4100036509675067, 1.4089748267055822, 1.4098360655737707, 1.4098360655737707, 1.408809610484165, 1.4096692111959293, 1.4096692111959293, 1.4086451144206327, 1.409503083061299, 1.409503083061299, 1.4084813338166007, 1.409337676438654, 1.409337676438654]
Bundles: [[ True  True  True ... False  True False]
 [False False False ...  True False  True]]
Good values: [[0.5        0.        ]
 [0.5        0.        ]
 [0.5        0.        ]
 ...
 [0.01010101 0.01010101]
 [0.02020202 0.01010101]
 [0.         0.01010101]]
Alpha: [2.0, 2.0, 2.0, 1.9999999999999998, 1.3933649289099526, 1.5362318840579712, 1.6085626911314983, 1.6995305164319245, 1.6837209302325578, 1.3851992409867169, 1.4076782449725773, 1.4840764331210188, 1.5256222547584184, 1.5856777493606136, 1.4553990610328638, 1.4666666666666666, 1.521155830753354, 1.5655430711610485, 1.4438687392055265, 1.3322709163346613, 1.3396375098502755, 1.3637053910402426, 1.4001431639226913, 1.4398395721925132, 1.474608150470219, 1.4554455445544552, 1.3900709219858154, 1.4082568807339448, 1.4400434074877915, 1.4685890834191553, 1.4331658291457285, 1.3691790686509842, 1.377840909090909, 1.384543325526932, 1.4118173679498656, 1.4367766823831976, 1.4060402684563758, 1.3515908175594038, 1.3608574831282256, 1.372319688109162, 1.3774168600154681, 1.398580500560329, 1.4200288184438041, 1.3792862141357596, 1.3846687478321196, 1.4050972501676726, 1.4242129178838039, 1.4041599999999999, 1.422456575682382, 1.3800782425519107]
Bundles: [[False  True  True  True False  True  True  True False False  True  True
   True  True False  True  True  True False False  True  True  True  True
   True False False  True  True  True False False  True  True  True  True
  False False  True  True  True  True  True False  True  True  True False
   True False]
 [ True False False False  True False False False  True  True False False
  False False  True False False False  True  True False False False False
  False  True  True False False False  True  True False False False False
   True  True False False False False False  True False False False  True
  False  True]]
Good values: [[0.94949495 0.33333333]
 [0.05050505 0.44444444]
 [0.06060606 0.15151515]
 [0.42424242 0.05050505]
 [0.64646465 0.94949495]
 [0.65656566 0.        ]
 [0.51515152 0.        ]
 [1.         0.58585859]
 [0.04040404 0.94949495]
 [0.97979798 0.94949495]
 [0.2020202  0.        ]
 [0.81818182 0.        ]
 [0.55555556 0.        ]
 [1.         0.38383838]
 [0.70707071 0.97979798]
 [0.18181818 0.        ]
 [1.         0.11111111]
 [1.         0.90909091]
 [0.90909091 0.97979798]
 [0.97979798 0.97979798]
 [0.14141414 0.        ]
 [0.48484848 0.        ]
 [0.80808081 0.        ]
 [1.         0.07070707]
 [1.         0.77777778]
 [0.21212121 0.97979798]
 [0.76767677 0.97979798]
 [0.52525253 0.        ]
 [1.         0.14141414]
 [1.         0.91919192]
 [0.48484848 0.97979798]
 [0.93939394 0.97979798]
 [0.29292929 0.        ]
 [0.23232323 0.        ]
 [1.         0.08080808]
 [1.         0.75757576]
 [0.51515152 0.97979798]
 [1.         0.97979798]
 [0.36363636 0.        ]
 [0.46464646 0.        ]
 [0.21212121 0.        ]
 [0.91919192 0.        ]
 [1.         0.39393939]
 [0.82828283 1.        ]
 [0.25252525 0.        ]
 [1.         0.03030303]
 [1.         0.5959596 ]
 [0.44444444 1.        ]
 [1.         0.77777778]
 [1.         1.        ]]
Alpha: [2.0, 2.0, 2.0, 1.9999999999999998, 1.3933649289099526, 1.5362318840579712, 1.6085626911314983, 1.6995305164319245, 1.6837209302325578, 1.3851992409867169, 1.4076782449725773, 1.4840764331210188, 1.5256222547584184, 1.5856777493606136, 1.4553990610328638, 1.4666666666666666, 1.521155830753354, 1.5655430711610485, 1.4438687392055265, 1.3322709163346613, 1.3396375098502755, 1.3637053910402426, 1.4001431639226913, 1.4398395721925132, 1.474608150470219, 1.4554455445544552, 1.3900709219858154, 1.4082568807339448, 1.4400434074877915, 1.4685890834191553, 1.4331658291457285, 1.3691790686509842, 1.377840909090909, 1.384543325526932, 1.4118173679498656, 1.4367766823831976, 1.4060402684563758, 1.3515908175594038, 1.3608574831282256, 1.372319688109162, 1.3774168600154681, 1.398580500560329, 1.4200288184438041, 1.3792862141357596, 1.3846687478321196, 1.4050972501676726, 1.4242129178838039, 1.4041599999999999, 1.422456575682382, 1.3800782425519107, 1.3980128579777906, 1.372346528973035, 1.389679218967922, 1.37018701870187, 1.3356568364611259, 1.3372559507889807, 1.3414828594206747, 1.3466912733983651, 1.353846153846154, 1.3628182051941373, 1.3786359077231696, 1.34787938220152, 1.3594991572357333, 1.3692198245198008, 1.3836886005560705, 1.3532744164967143, 1.363230700580098, 1.3701169719708672, 1.373435784851811, 1.3867640739149116, 1.3995371344414052, 1.385544678192043, 1.3979591836734693, 1.388044579533941, 1.3623707239459026, 1.3740726278797342, 1.3859413905382107, 1.3616861121565673, 1.366218236173393, 1.3722006292800293, 1.3834969102144674, 1.3943938582396, 1.3769393511988717, 1.3876277941431294, 1.3688888888888888, 1.3793914943688013, 1.359059291156012, 1.362753169767825, 1.367130008176615, 1.3772127454135823, 1.3869792491683828, 1.3681250000000003, 1.3777504231420221, 1.3585191928387197, 1.3605565638233514, 1.3649744668068486, 1.3708333333333331, 1.3799677372048686, 1.3888407054061866, 1.3696364932287952]
Bundles: [[False  True  True  True False  True  True  True False False  True  True
   True  True False  True  True  True False False  True  True  True  True
   True False False  True  True  True False False  True  True  True  True
  False False  True  True  True  True  True False  True  True  True False
   True False  True False  True False False  True  True  True  True  True
   True False  True  True  True False  True  True  True  True  True False
   True False False  True  True False  True  True  True  True False  True
  False  True False  True  True  True  True False  True False  True  True
   True  True  True False]
 [ True False False False  True False False False  True  True False False
  False False  True False False False  True  True False False False False
  False  True  True False False False  True  True False False False False
   True  True False False False False False  True False False False  True
  False  True False  True False  True  True False False False False False
  False  True False False False  True False False False False False  True
  False  True  True False False  True False False False False  True False
   True False  True False False False False  True False  True False False
  False False False  True]]
Good values: [[0.94949495 0.33333333]
 [0.05050505 0.44444444]
 [0.06060606 0.15151515]
 [0.42424242 0.05050505]
 [0.64646465 0.94949495]
 [0.65656566 0.        ]
 [0.51515152 0.        ]
 [1.         0.58585859]
 [0.04040404 0.94949495]
 [0.97979798 0.94949495]
 [0.2020202  0.        ]
 [0.81818182 0.        ]
 [0.55555556 0.        ]
 [1.         0.38383838]
 [0.70707071 0.97979798]
 [0.18181818 0.        ]
 [1.         0.11111111]
 [1.         0.90909091]
 [0.90909091 0.97979798]
 [0.97979798 0.97979798]
 [0.14141414 0.        ]
 [0.48484848 0.        ]
 [0.80808081 0.        ]
 [1.         0.07070707]
 [1.         0.77777778]
 [0.21212121 0.97979798]
 [0.76767677 0.97979798]
 [0.52525253 0.        ]
 [1.         0.14141414]
 [1.         0.91919192]
 [0.48484848 0.97979798]
 [0.93939394 0.97979798]
 [0.29292929 0.        ]
 [0.23232323 0.        ]
 [1.         0.08080808]
 [1.         0.75757576]
 [0.51515152 0.97979798]
 [1.         0.97979798]
 [0.36363636 0.        ]
 [0.46464646 0.        ]
 [0.21212121 0.        ]
 [0.91919192 0.        ]
 [1.         0.39393939]
 [0.82828283 1.        ]
 [0.25252525 0.        ]
 [1.         0.03030303]
 [1.         0.5959596 ]
 [0.44444444 1.        ]
 [1.         0.77777778]
 [1.         1.        ]
 [1.         0.67676768]
 [0.64646465 1.        ]
 [1.         0.76767677]
 [0.51515152 1.        ]
 [0.94949495 1.        ]
 [0.09090909 0.        ]
 [0.24242424 0.        ]
 [0.3030303  0.        ]
 [0.42424242 0.        ]
 [0.54545455 0.        ]
 [1.         0.26262626]
 [0.91919192 1.        ]
 [0.74747475 0.        ]
 [0.64646465 0.        ]
 [1.         0.22222222]
 [0.97979798 1.        ]
 [0.6969697  0.        ]
 [0.49494949 0.        ]
 [0.24242424 0.        ]
 [1.         0.05050505]
 [1.         0.63636364]
 [0.48484848 1.        ]
 [1.         0.85858586]
 [0.35353535 1.        ]
 [0.93939394 1.        ]
 [0.94949495 0.        ]
 [1.         0.31313131]
 [0.93939394 1.        ]
 [0.38383838 0.        ]
 [0.51515152 0.        ]
 [1.         0.04040404]
 [1.         0.60606061]
 [0.71717172 1.        ]
 [1.         0.54545455]
 [0.7979798  1.        ]
 [1.         0.31313131]
 [0.8989899  1.        ]
 [0.35353535 0.        ]
 [0.42424242 0.        ]
 [1.         0.02020202]
 [1.         0.55555556]
 [0.87878788 1.        ]
 [1.         0.26262626]
 [0.92929293 1.        ]
 [0.21212121 0.        ]
 [0.46464646 0.        ]
 [0.62626263 0.        ]
 [1.         0.11111111]
 [1.         0.77777778]
 [0.97979798 1.        ]]
